000 (77354469.005.000) 2023-01-19 21:01:01 Job submitted from host: <131.225.188.235:9618?addrs=131.225.188.235-9618+[2620-6a-0-8421-f0-0-188-235]-9618&alias=lpcschedd3.fnal.gov&noUDP&sock=schedd_19627_1166>
...
040 (77354469.005.000) 2023-01-19 21:01:20 Started transferring input files
	Transferring to host: <131.225.188.242:9618?addrs=[2620-6a-0-8421-f0-0-188-242]-9618+131.225.188.242-9618&alias=cmswn2074.fnal.gov&noUDP&sock=slot1_59_2025_8bab_22985>
...
040 (77354469.005.000) 2023-01-19 21:01:20 Finished transferring input files
...
001 (77354469.005.000) 2023-01-19 21:01:21 Job executing on host: <131.225.188.242:9618?addrs=[2620-6a-0-8421-f0-0-188-242]-9618+131.225.188.242-9618&alias=cmswn2074.fnal.gov&noUDP&sock=startd_1924_484e>
...
006 (77354469.005.000) 2023-01-19 21:01:30 Image size of job updated: 3
	3  -  MemoryUsage of job (MB)
	3864  -  ResidentSetSize of job (KB)
...
006 (77354469.005.000) 2023-01-19 21:02:30 Image size of job updated: 76
	76  -  MemoryUsage of job (MB)
	78624  -  ResidentSetSize of job (KB)
...
006 (77354469.005.000) 2023-01-19 21:03:12 Image size of job updated: 99
	99  -  MemoryUsage of job (MB)
	102024  -  ResidentSetSize of job (KB)
...
040 (77354469.005.000) 2023-01-19 21:03:12 Started transferring output files
...
040 (77354469.005.000) 2023-01-19 21:03:12 Finished transferring output files
...
005 (77354469.005.000) 2023-01-19 21:03:14 Job terminated.
	(1) Normal termination (return value 0)
		Usr 0 00:00:16, Sys 0 00:00:06  -  Run Remote Usage
		Usr 0 00:00:00, Sys 0 00:00:00  -  Run Local Usage
		Usr 0 00:00:16, Sys 0 00:00:06  -  Total Remote Usage
		Usr 0 00:00:00, Sys 0 00:00:00  -  Total Local Usage
	4835  -  Run Bytes Sent By Job
	12178  -  Run Bytes Received By Job
	4835  -  Total Bytes Sent By Job
	12178  -  Total Bytes Received By Job
	Partitionable Resources :    Usage  Request Allocated 
	   Cpus                 :        0        1         1 
	   Disk (KB)            :   531009        2   1647926 
	   Memory (MB)          :       99     2048      2048 

	Job terminated of its own accord at 2023-01-20T03:03:12Z.
...
000 (31070980.005.000) 2023-01-19 21:15:44 Job submitted from host: <131.225.204.62:9618?addrs=131.225.204.62-9618+[2620-6a-0-8420-f0-0-204-62]-9618&alias=lpcschedd5.fnal.gov&noUDP&sock=schedd_15522_6121>
...
040 (31070980.005.000) 2023-01-19 21:16:06 Started transferring input files
	Transferring to host: <131.225.191.69:9618?addrs=[2620-6a-0-8421-f0-0-191-69]-9618+131.225.191.69-9618&alias=cmswn1989.fnal.gov&noUDP&sock=slot1_5_1553_fa98_21898>
...
040 (31070980.005.000) 2023-01-19 21:16:06 Finished transferring input files
...
001 (31070980.005.000) 2023-01-19 21:16:07 Job executing on host: <131.225.191.69:9618?addrs=[2620-6a-0-8421-f0-0-191-69]-9618+131.225.191.69-9618&alias=cmswn1989.fnal.gov&noUDP&sock=startd_1479_0ca9>
...
006 (31070980.005.000) 2023-01-19 21:16:16 Image size of job updated: 3
	3  -  MemoryUsage of job (MB)
	3788  -  ResidentSetSize of job (KB)
...
006 (31070980.005.000) 2023-01-19 21:17:13 Image size of job updated: 98
	98  -  MemoryUsage of job (MB)
	100492  -  ResidentSetSize of job (KB)
...
040 (31070980.005.000) 2023-01-19 21:17:13 Started transferring output files
...
040 (31070980.005.000) 2023-01-19 21:17:13 Finished transferring output files
...
005 (31070980.005.000) 2023-01-19 21:17:14 Job terminated.
	(1) Normal termination (return value 0)
		Usr 0 00:00:00, Sys 0 00:00:00  -  Run Remote Usage
		Usr 0 00:00:00, Sys 0 00:00:00  -  Run Local Usage
		Usr 0 00:00:00, Sys 0 00:00:00  -  Total Remote Usage
		Usr 0 00:00:00, Sys 0 00:00:00  -  Total Local Usage
	4860  -  Run Bytes Sent By Job
	12178  -  Run Bytes Received By Job
	4860  -  Total Bytes Sent By Job
	12178  -  Total Bytes Received By Job
	Partitionable Resources :    Usage  Request Allocated 
	   Cpus                 :        0        1         1 
	   Disk (KB)            :   531002        2    771567 
	   Memory (MB)          :       98     2048      2048 

	Job terminated of its own accord at 2023-01-20T03:17:13Z.
...
